<?xml version="1.0" encoding="UTF-8"?>
<!-- Generated by org.testng.reporters.JUnitReportReporter -->
<testsuite skipped="0" hostname="DESKTOP-46I7NT9" name="tests.BaseClass" tests="1" failures="0" timestamp="09 Dec 2020 20:31:47 GMT" time="0.008" errors="0">
  <testcase name="test" time="0.008" classname="tests.BaseClass"/>
</testsuite> <!-- tests.BaseClass -->
