<?xml version="1.0" encoding="UTF-8"?>
<!-- Generated by org.testng.reporters.JUnitReportReporter -->
<testsuite skipped="0" hostname="DESKTOP-46I7NT9" name="pages.SignInPage" tests="2" failures="0" timestamp="09 Dec 2020 21:22:23 GMT" time="5.214" errors="0">
  <testcase name="test" time="0.015" classname="pages.SignInPage"/>
  <testcase name="skip" time="5.199" classname="pages.SignInPage"/>
</testsuite> <!-- pages.SignInPage -->
