<?xml version="1.0" encoding="UTF-8"?>
<!-- Generated by org.testng.reporters.JUnitReportReporter -->
<testsuite skipped="0" hostname="DESKTOP-46I7NT9" name="pages.HomePage" tests="3" failures="0" timestamp="09 Dec 2020 21:26:34 GMT" time="7.994" errors="0">
  <testcase name="searchingProduct" time="2.700" classname="pages.HomePage"/>
  <testcase name="test" time="0.021" classname="pages.HomePage"/>
  <testcase name="skip" time="5.273" classname="pages.HomePage"/>
</testsuite> <!-- pages.HomePage -->
