<?xml version="1.0" encoding="UTF-8"?>
<!-- Generated by org.testng.reporters.JUnitReportReporter -->
<testsuite skipped="0" hostname="DESKTOP-46I7NT9" name="Tester.EbayTester" tests="1" failures="0" timestamp="11 Dec 2020 12:41:37 GMT" time="28.741" errors="0">
  <testcase name="Tester" time="28.741" classname="Tester.EbayTester"/>
</testsuite> <!-- Tester.EbayTester -->
